+-----------------------------------------------AutoDL-----------------------------------------------------+
目录说明:
╔═════════════════╦════════╦════╦═════════════════════════════════════════════════════════════════════════╗
║目录             ║名称    ║速度║说明                                                                     ║
╠═════════════════╬════════╬════╬═════════════════════════════════════════════════════════════════════════╣
║/                ║系 统 盘║一般║实例关机数据不会丢失，可存放代码等。会随保存镜像一起保存。               ║
║/root/autodl-tmp ║数 据 盘║ 快 ║实例关机数据不会丢失，可存放读写IO要求高的数据。但不会随保存镜像一起保存 ║
╚═════════════════╩════════╩════╩═════════════════════════════════════════════════════════════════════════╝
CPU ：25 核心
内存：90 GB
GPU ：NVIDIA GeForce RTX 5090, 1
存储：
  系 统 盘/               ：49% 15G/30G
  数 据 盘/root/autodl-tmp：12% 5.8G/50G
+----------------------------------------------------------------------------------------------------------+
*注意: 
1.系统盘较小请将大的数据存放于数据盘或文件存储中，重置系统时数据盘和文件存储中的数据不受影响
2.清理系统盘请参考：https://www.autodl.com/docs/qa1/
3.终端中长期执行命令请使用screen等工具开后台运行，确保程序不受SSH连接中断影响：https://www.autodl.com/docs/daemon/
(base) root@autodl-container-adb84b87ea-0f83953f:~# conda activate segda3
(segda3) root@autodl-container-adb84b87ea-0f83953f:~# 
(segda3) root@autodl-container-adb84b87ea-0f83953f:~# cd autodl-tmp/SegDA3/
(segda3) root@autodl-container-adb84b87ea-0f83953f:~/autodl-tmp/SegDA3# python SegDA3_train.py 
[WARN ] Dependency `gsplat` is required for rendering 3DGS. Install via: pip install git+https://github.com/nerfstudio-project/gsplat.git@0b4dddf04cb687367602c01196913cde6a743d70
Training log will be saved to: ../repo/log/vitl_20260124_232458.log
Scanning video directories...
Dataset initialized. Found 8 video folders.
Virtual Epoch Length: 10000
Loading DA3 (vitl) from local path: ../checkpoint/DA3-LARGE-1.1...
[INFO ] using MLP layer as FFN
Loading weights from local directory
Epoch 1/50: 100%|█████████████████████████████████████████████████████████████████████████████████████████████████████████████████████████████████████| 10000/10000 [50:57<00:00,  3.27it/s, Loss=0.0401]
Epoch 1 Completed. Avg Loss: 0.0862 Total Time: 3057.72s Avg Time/Step: 0.3058s
Epoch 2/50:  36%|███████████████████████████████████████████████▊                                                                              Epoch 2/50:  36%|███████████████████████████████████████████████▉                                                                              Epoch 2/50:  36%|███████████████████████████████████████████████▉                                                                              Epoch 2/50:  36%|███████████████████████████████████████████████▉                                                                              Epoch 2/50:  36%|███████████████████████████████████████████████▉                                                                                      | 3574/10000 [18:32<4Epoch 2/50:  36%|███████████████████████████████████████████████▉                                                                                      | 3575/10000 [18:32<46:44,  Epoch 2/50:  36%|███████████████████████████████████████████████▉                                                                                      | 3575/10000 [18:32<46:44,  2.29it/s, LosEpoch 2/50:  36%|███████████████████████████████████████████████▉                                                                                      | 3576/10000 [18:32<44:02,  2.43it/s, LosEpoch 2/50:  36%|███████████████████████████████████████████████▉                                                                                      | 3576/10000 [18:32<44:02,  2.43it/s, Loss=0Epoch 2/50:  36%|███████████████████████████████████████████████▉                                                                                      | 3577/10000 [18:32<39:12,  2.73it/s, Loss=0.Epoch 2/50: 100%|█████████████████████████████████████████████████████████████████████████████████████████████████████████████████████████████████████| 10000/10000 [51:33<00:00,  3.23it/s, Loss=0.0277]
Epoch 2 Completed. Avg Loss: 0.0511 Total Time: 3093.23s Avg Time/Step: 0.3093s
Epoch 3/50: 100%|████████████████████████████████████████████████████████████████████████████████████████████████████████████████████████████████████████| 10000/10000 [51:11<00:00,  3.26it/s, Loss=0.0235]
Epoch 3 Completed. Avg Loss: 0.0436 Total Time: 3071.62s Avg Time/Step: 0.3072s
Epoch 4/50: 100%|████████████████████████████████████████████████████████████████████████████████████████████████████████████████████████████████████████| 10000/10000 [51:46<00:00,  3.22it/s, Loss=0.0142]
Epoch 4 Completed. Avg Loss: 0.0383 Total Time: 3106.61s Avg Time/Step: 0.3107s
Epoch 5/50: 100%|████████████████████████████████████████████████████████████████████████████████████████████████████████████████████████████████████████| 10000/10000 [51:27<00:00,  3.24it/s, Loss=0.0153]
Epoch 5 Completed. Avg Loss: 0.0350 Total Time: 3087.61s Avg Time/Step: 0.3088s
Epoch 6/50: 100%|████████████████████████████████████████████████████████████████████████████████████████████████████████████████████████████████████████| 10000/10000 [51:33<00:00,  3.23it/s, Loss=0.0102]
Epoch 6 Completed. Avg Loss: 0.0326 Total Time: 3093.93s Avg Time/Step: 0.3094s
Epoch 7/50: 100%|████████████████████████████████████████████████████████████████████████████████████████████████████████████████████████████████████████| 10000/10000 [51:01<00:00,  3.27it/s, Loss=0.0218]
Epoch 7 Completed. Avg Loss: 0.0305 Total Time: 3061.00s Avg Time/Step: 0.3061s
Epoch 8/50: 100%|████████████████████████████████████████████████████████████████████████████████████████████████████████████████████████████████████████| 10000/10000 [51:31<00:00,  3.24it/s, Loss=0.0132]
Epoch 8 Completed. Avg Loss: 0.0288 Total Time: 3091.09s Avg Time/Step: 0.3091s
Epoch 9/50: 100%|████████████████████████████████████████████████████████████████████████████████████████████████████████████████████████████████████████| 10000/10000 [51:02<00:00,  3.27it/s, Loss=0.0931]
Epoch 9 Completed. Avg Loss: 0.0283 Total Time: 3062.47s Avg Time/Step: 0.3062s
Epoch 10/50: 100%|███████████████████████████████████████████████████████████████████████████████████████████████████████████████████████████████████████| 10000/10000 [51:43<00:00,  3.22it/s, Loss=0.0088]
Epoch 10 Completed. Avg Loss: 0.0274 Total Time: 3103.10s Avg Time/Step: 0.3103s
Epoch 11/50: 100%|███████████████████████████████████████████████████████████████████████████████████████████████████████████████████████████████████████| 10000/10000 [51:13<00:00,  3.25it/s, Loss=0.0095]
Epoch 11 Completed. Avg Loss: 0.0261 Total Time: 3073.72s Avg Time/Step: 0.3074s
Epoch 12/50: 100%|███████████████████████████████████████████████████████████████████████████████████████████████████████████████████████████████████████| 10000/10000 [51:32<00:00,  3.23it/s, Loss=0.0784]
Epoch 12 Completed. Avg Loss: 0.0251 Total Time: 3092.69s Avg Time/Step: 0.3093s
Epoch 13/50: 100%|███████████████████████████████████████████████████████████████████████████████████████████████████████████████████████████████████████| 10000/10000 [50:50<00:00,  3.28it/s, Loss=0.0090]
Epoch 13 Completed. Avg Loss: 0.0247 Total Time: 3050.00s Avg Time/Step: 0.3050s
Epoch 14/50: 100%|███████████████████████████████████████████████████████████████████████████████████████████████████████████████████████████████████████| 10000/10000 [51:00<00:00,  3.27it/s, Loss=0.0097]
Epoch 14 Completed. Avg Loss: 0.0249 Total Time: 3060.39s Avg Time/Step: 0.3060s
Epoch 15/50: 100%|███████████████████████████████████████████████████████████████████████████████████████████████████████████████████████████████████████| 10000/10000 [51:36<00:00,  3.23it/s, Loss=0.0091]
Epoch 15 Completed. Avg Loss: 0.0241 Total Time: 3096.57s Avg Time/Step: 0.3097s
Epoch 16/50: 100%|███████████████████████████████████████████████████████████████████████████████████████████████████████████████████████████████████████| 10000/10000 [51:17<00:00,  3.25it/s, Loss=0.1037]
Epoch 16 Completed. Avg Loss: 0.0235 Total Time: 3077.56s Avg Time/Step: 0.3078s
Epoch 17/50: 100%|███████████████████████████████████████████████████████████████████████████████████████████████████████████████████████████████████████| 10000/10000 [50:53<00:00,  3.27it/s, Loss=0.0201]
Epoch 17 Completed. Avg Loss: 0.0232 Total Time: 3053.86s Avg Time/Step: 0.3054s
Epoch 18/50: 100%|███████████████████████████████████████████████████████████████████████████████████████████████████████████████████████████████████████| 10000/10000 [51:02<00:00,  3.27it/s, Loss=0.0129]
Epoch 18 Completed. Avg Loss: 0.0227 Total Time: 3062.25s Avg Time/Step: 0.3062s
Epoch 19/50: 100%|███████████████████████████████████████████████████████████████████████████████████████████████████████████████████████████████████████| 10000/10000 [50:24<00:00,  3.31it/s, Loss=0.0115]
Epoch 19 Completed. Avg Loss: 0.0219 Total Time: 3025.00s Avg Time/Step: 0.3025s
Epoch 20/50: 100%|███████████████████████████████████████████████████████████████████████████████████████████████████████████████████████████████████████| 10000/10000 [51:31<00:00,  3.24it/s, Loss=0.0096]
Epoch 20 Completed. Avg Loss: 0.0220 Total Time: 3091.10s Avg Time/Step: 0.3091s
Epoch 21/50: 100%|███████████████████████████████████████████████████████████████████████████████████████████████████████████████████████████████████████| 10000/10000 [51:32<00:00,  3.23it/s, Loss=0.0121]
Epoch 21 Completed. Avg Loss: 0.0221 Total Time: 3092.88s Avg Time/Step: 0.3093s
Epoch 22/50: 100%|███████████████████████████████████████████████████████████████████████████████████████████████████████████████████████████████████████| 10000/10000 [51:22<00:00,  3.24it/s, Loss=0.0171]
Epoch 22 Completed. Avg Loss: 0.0213 Total Time: 3082.50s Avg Time/Step: 0.3083s
Epoch 23/50: 100%|███████████████████████████████████████████████████████████████████████████████████████████████████████████████████████████████████████| 10000/10000 [51:31<00:00,  3.24it/s, Loss=0.0161]
Epoch 23 Completed. Avg Loss: 0.0217 Total Time: 3091.02s Avg Time/Step: 0.3091s
Epoch 24/50: 100%|███████████████████████████████████████████████████████████████████████████████████████████████████████████████████████████████████████| 10000/10000 [51:11<00:00,  3.26it/s, Loss=0.0131]
Epoch 24 Completed. Avg Loss: 0.0218 Total Time: 3071.21s Avg Time/Step: 0.3071s
Epoch 25/50: 100%|███████████████████████████████████████████████████████████████████████████████████████████████████████████████████████████████████████| 10000/10000 [51:36<00:00,  3.23it/s, Loss=0.0105]
Epoch 25 Completed. Avg Loss: 0.0208 Total Time: 3096.38s Avg Time/Step: 0.3096s
Epoch 26/50: 100%|███████████████████████████████████████████████████████████████████████████████████████████████████████████████████████████████████████| 10000/10000 [51:32<00:00,  3.23it/s, Loss=0.0092]
Epoch 26 Completed. Avg Loss: 0.0204 Total Time: 3092.62s Avg Time/Step: 0.3093s
Epoch 27/50: 100%|███████████████████████████████████████████████████████████████████████████████████████████████████████████████████████████████████████| 10000/10000 [51:43<00:00,  3.22it/s, Loss=0.0648]
Epoch 27 Completed. Avg Loss: 0.0201 Total Time: 3103.20s Avg Time/Step: 0.3103s
Epoch 28/50: 100%|███████████████████████████████████████████████████████████████████████████████████████████████████████████████████████████████████████| 10000/10000 [51:04<00:00,  3.26it/s, Loss=0.0089]
Epoch 28 Completed. Avg Loss: 0.0201 Total Time: 3064.99s Avg Time/Step: 0.3065s
Epoch 29/50: 100%|███████████████████████████████████████████████████████████████████████████████████████████████████████████████████████████████████████| 10000/10000 [51:33<00:00,  3.23it/s, Loss=0.0163]
Epoch 29 Completed. Avg Loss: 0.0205 Total Time: 3093.10s Avg Time/Step: 0.3093s
Epoch 30/50: 100%|███████████████████████████████████████████████████████████████████████████████████████████████████████████████████████████████████████| 10000/10000 [51:44<00:00,  3.22it/s, Loss=0.0462]
Epoch 30 Completed. Avg Loss: 0.0197 Total Time: 3104.14s Avg Time/Step: 0.3104s
Epoch 31/50: 100%|███████████████████████████████████████████████████████████████████████████████████████████████████████████████████████████████████████| 10000/10000 [51:35<00:00,  3.23it/s, Loss=0.0088]
Epoch 31 Completed. Avg Loss: 0.0198 Total Time: 3095.08s Avg Time/Step: 0.3095s
Epoch 32/50: 100%|███████████████████████████████████████████████████████████████████████████████████████████████████████████████████████████████████████| 10000/10000 [51:19<00:00,  3.25it/s, Loss=0.0318]
Epoch 32 Completed. Avg Loss: 0.0200 Total Time: 3079.24s Avg Time/Step: 0.3079s
Epoch 33/50: 100%|███████████████████████████████████████████████████████████████████████████████████████████████████████████████████████████████████████| 10000/10000 [51:28<00:00,  3.24it/s, Loss=0.0069]
Epoch 33 Completed. Avg Loss: 0.0197 Total Time: 3088.74s Avg Time/Step: 0.3089s
Epoch 34/50: 100%|███████████████████████████████████████████████████████████████████████████████████████████████████████████████████████████████████████| 10000/10000 [51:14<00:00,  3.25it/s, Loss=0.0081]
Epoch 34 Completed. Avg Loss: 0.0189 Total Time: 3074.61s Avg Time/Step: 0.3075s
Epoch 35/50: 100%|███████████████████████████████████████████████████████████████████████████████████████████████████████████████████████████████████████| 10000/10000 [51:29<00:00,  3.24it/s, Loss=0.0134]
Epoch 35 Completed. Avg Loss: 0.0192 Total Time: 3089.42s Avg Time/Step: 0.3089s
Epoch 36/50: 100%|███████████████████████████████████████████████████████████████████████████████████████████████████████████████████████████████████████| 10000/10000 [50:59<00:00,  3.27it/s, Loss=0.0100]
Epoch 36 Completed. Avg Loss: 0.0189 Total Time: 3059.88s Avg Time/Step: 0.3060s
Epoch 37/50: 100%|███████████████████████████████████████████████████████████████████████████████████████████████████████████████████████████████████████| 10000/10000 [51:14<00:00,  3.25it/s, Loss=0.0097]
Epoch 37 Completed. Avg Loss: 0.0193 Total Time: 3074.75s Avg Time/Step: 0.3075s
Epoch 38/50: 100%|███████████████████████████████████████████████████████████████████████████████████████████████████████████████████████████████████████| 10000/10000 [51:32<00:00,  3.23it/s, Loss=0.0754]
Epoch 38 Completed. Avg Loss: 0.0195 Total Time: 3092.61s Avg Time/Step: 0.3093s
Epoch 39/50: 100%|███████████████████████████████████████████████████████████████████████████████████████████████████████████████████████████████████████| 10000/10000 [50:47<00:00,  3.28it/s, Loss=0.0105]
Epoch 39 Completed. Avg Loss: 0.0184 Total Time: 3047.78s Avg Time/Step: 0.3048s
Epoch 40/50: 100%|███████████████████████████████████████████████████████████████████████████████████████████████████████████████████████████████████████| 10000/10000 [51:17<00:00,  3.25it/s, Loss=0.0478]
Epoch 40 Completed. Avg Loss: 0.0187 Total Time: 3077.04s Avg Time/Step: 0.3077s
Epoch 41/50: 100%|███████████████████████████████████████████████████████████████████████████████████████████████████████████████████████████████████████| 10000/10000 [51:45<00:00,  3.22it/s, Loss=0.0590]
Epoch 41 Completed. Avg Loss: 0.0189 Total Time: 3105.76s Avg Time/Step: 0.3106s
Epoch 42/50: 100%|███████████████████████████████████████████████████████████████████████████████████████████████████████████████████████████████████████| 10000/10000 [51:12<00:00,  3.25it/s, Loss=0.0153]
Epoch 42 Completed. Avg Loss: 0.0181 Total Time: 3072.75s Avg Time/Step: 0.3073s
Epoch 43/50: 100%|███████████████████████████████████████████████████████████████████████████████████████████████████████████████████████████████████████| 10000/10000 [51:28<00:00,  3.24it/s, Loss=0.0077]
Epoch 43 Completed. Avg Loss: 0.0178 Total Time: 3088.66s Avg Time/Step: 0.3089s
Epoch 44/50: 100%|███████████████████████████████████████████████████████████████████████████████████████████████████████████████████████████████████████| 10000/10000 [51:06<00:00,  3.26it/s, Loss=0.0081]
Epoch 44 Completed. Avg Loss: 0.0183 Total Time: 3066.67s Avg Time/Step: 0.3067s
Epoch 45/50: 100%|███████████████████████████████████████████████████████████████████████████████████████████████████████████████████████████████████████| 10000/10000 [51:20<00:00,  3.25it/s, Loss=0.0129]
Epoch 45 Completed. Avg Loss: 0.0183 Total Time: 3080.27s Avg Time/Step: 0.3080s
Epoch 46/50: 100%|███████████████████████████████████████████████████████████████████████████████████████████████████████████████████████████████████████| 10000/10000 [51:28<00:00,  3.24it/s, Loss=0.0077]
Epoch 46 Completed. Avg Loss: 0.0182 Total Time: 3088.03s Avg Time/Step: 0.3088s
Epoch 47/50: 100%|███████████████████████████████████████████████████████████████████████████████████████████████████████████████████████████████████████| 10000/10000 [51:33<00:00,  3.23it/s, Loss=0.0117]
Epoch 47 Completed. Avg Loss: 0.0180 Total Time: 3093.77s Avg Time/Step: 0.3094s
Epoch 48/50: 100%|███████████████████████████████████████████████████████████████████████████████████████████████████████████████████████████████████████| 10000/10000 [51:13<00:00,  3.25it/s, Loss=0.0130]
Epoch 48 Completed. Avg Loss: 0.0182 Total Time: 3073.71s Avg Time/Step: 0.3074s
Epoch 49/50: 100%|███████████████████████████████████████████████████████████████████████████████████████████████████████████████████████████████████████| 10000/10000 [50:57<00:00,  3.27it/s, Loss=0.0082]
Epoch 49 Completed. Avg Loss: 0.0184 Total Time: 3057.38s Avg Time/Step: 0.3057s
Epoch 50/50: 100%|███████████████████████████████████████████████████████████████████████████████████████████████████████████████████████████████████████| 10000/10000 [51:39<00:00,  3.23it/s, Loss=0.0091]
Epoch 50 Completed. Avg Loss: 0.0183 Total Time: 3099.43s Avg Time/Step: 0.3099s